Using pre-set license
Built from '2020.2/release' branch; Version is '2020.2.2f1 (068178b99f32) revision 426360'; Using compiler version '192528614'; Build Type 'Release'
OS: 'Windows 10 Home; OS build 18363.1440; Version 1909; 64bit' Language: 'en' Physical Memory: 32675 MB
BatchMode: 1, IsHumanControllingUs: 0, StartBugReporterOnCrash: 0, Is64bit: 1, IsPro: 0

 COMMAND LINE ARGUMENTS:
C:\Program Files\Unity\Hub\Editor\2020.2.2f1\Editor\Unity.exe
-adb2
-batchMode
-noUpm
-name
AssetImportWorker0
-projectPath
C:/Users/mulli/OneDrive/Documents/School/Spring 2021/SUITS/Prototype4
-logFile
Logs/AssetImportWorker0.log
-srvPort
62882
Successfully changed project path to: C:/Users/mulli/OneDrive/Documents/School/Spring 2021/SUITS/Prototype4
C:/Users/mulli/OneDrive/Documents/School/Spring 2021/SUITS/Prototype4
Using Asset Import Pipeline V2.
Refreshing native plugins compatible for Editor in 30.97 ms, found 1 plugins.
Preloading 0 native plugins for Editor in 0.00 ms.
Initialize engine version: 2020.2.2f1 (068178b99f32)
[Subsystems] Discovering subsystems at path C:/Program Files/Unity/Hub/Editor/2020.2.2f1/Editor/Data/Resources/UnitySubsystems
[Subsystems] Discovering subsystems at path C:/Users/mulli/OneDrive/Documents/School/Spring 2021/SUITS/Prototype4/Assets
GfxDevice: creating device client; threaded=0
Direct3D:
    Version:  Direct3D 11.0 [level 11.1]
    Renderer: NVIDIA GeForce RTX 2060 SUPER (ID=0x1f06)
    Vendor:   
    VRAM:     8031 MB
    Driver:   27.21.14.5671
Initialize mono
Mono path[0] = 'C:/Program Files/Unity/Hub/Editor/2020.2.2f1/Editor/Data/Managed'
Mono path[1] = 'C:/Program Files/Unity/Hub/Editor/2020.2.2f1/Editor/Data/MonoBleedingEdge/lib/mono/unityjit'
Mono config path = 'C:/Program Files/Unity/Hub/Editor/2020.2.2f1/Editor/Data/MonoBleedingEdge/etc'
Using monoOptions --debugger-agent=transport=dt_socket,embedding=1,server=y,suspend=n,address=127.0.0.1:56028
Begin MonoManager ReloadAssembly
Registering precompiled unity dll's ...
Register platform support module: C:/Program Files/Unity/Hub/Editor/2020.2.2f1/Editor/Data/PlaybackEngines/WindowsStandaloneSupport/UnityEditor.WindowsStandalone.Extensions.dll
Registered in 0.001467 seconds.
Native extension for WindowsStandalone target not found
Refreshing native plugins compatible for Editor in 31.01 ms, found 1 plugins.
Preloading 0 native plugins for Editor in 0.00 ms.
Invoked RoslynAnalysisRunner static constructor.
RoslynAnalysisRunner will not be running.
RoslynAnalysisRunner has terminated.
Mono: successfully reloaded assembly
- Completed reload, in  0.826 seconds
Platform modules already initialized, skipping
Registering precompiled user dll's ...
Registered in 0.000705 seconds.
Begin MonoManager ReloadAssembly
Native extension for WindowsStandalone target not found
Refreshing native plugins compatible for Editor in 30.97 ms, found 1 plugins.
Preloading 0 native plugins for Editor in 0.00 ms.
Invoked RoslynAnalysisRunner static constructor.
RoslynAnalysisRunner will not be running.
RoslynAnalysisRunner has terminated.
Mono: successfully reloaded assembly
- Completed reload, in  0.750 seconds
Platform modules already initialized, skipping
========================================================================
Worker process is ready to serve import requests
Launched and connected shader compiler UnityShaderCompiler.exe after 0.04 seconds
Refreshing native plugins compatible for Editor in 0.41 ms, found 1 plugins.
Preloading 0 native plugins for Editor in 0.00 ms.
Unloading 1807 Unused Serialized files (Serialized files now loaded: 0)
System memory in use before: 84.9 MB.
System memory in use after: 84.9 MB.

Unloading 24 unused Assets to reduce memory usage. Loaded Objects now: 2253.
Total: 2.400800 ms (FindLiveObjects: 0.241700 ms CreateObjectMapping: 0.049400 ms MarkObjects: 1.968800 ms  DeleteObjects: 0.139600 ms)

========================================================================
Received Import Request.
  path: Assets/Scenes/SampleScene.unity
  artifactKey: Guid(2cda990e2423bbf4892e6590ba056729) Importer(815301076,1909f56bfc062723c751e8b465ee728b)
Start importing Assets/Scenes/SampleScene.unity using Guid(2cda990e2423bbf4892e6590ba056729) Importer(815301076,1909f56bfc062723c751e8b465ee728b)  -> (artifact id: '869366334ef774739dc0bbd0e39316bd') in 0.016317 seconds
  Import took 0.019394 seconds .

========================================================================
Received Import Request.
  Time since last request: 2.994621 seconds.
  path: Assets/Scenes/CassieScene.unity
  artifactKey: Guid(0c3aea6171e2637458cb6a216663244d) Importer(815301076,1909f56bfc062723c751e8b465ee728b)
Start importing Assets/Scenes/CassieScene.unity using Guid(0c3aea6171e2637458cb6a216663244d) Importer(815301076,1909f56bfc062723c751e8b465ee728b)  -> (artifact id: '46cdc0e7ff8dfb7d6dc707171c7b3c36') in 0.006463 seconds
  Import took 0.009684 seconds .

========================================================================
Received Prepare
Registering precompiled user dll's ...
Registered in 0.000913 seconds.
Begin MonoManager ReloadAssembly
Native extension for WindowsStandalone target not found
Refreshing native plugins compatible for Editor in 0.44 ms, found 1 plugins.
Preloading 0 native plugins for Editor in 0.00 ms.
Invoked RoslynAnalysisRunner static constructor.
RoslynAnalysisRunner will not be running.
RoslynAnalysisRunner has terminated.
Mono: successfully reloaded assembly
- Completed reload, in  0.677 seconds
Platform modules already initialized, skipping
Refreshing native plugins compatible for Editor in 0.42 ms, found 1 plugins.
Preloading 0 native plugins for Editor in 0.00 ms.
Unloading 1802 Unused Serialized files (Serialized files now loaded: 0)
System memory in use before: 85.0 MB.
System memory in use after: 85.0 MB.

Unloading 12 unused Assets to reduce memory usage. Loaded Objects now: 2256.
Total: 1.837600 ms (FindLiveObjects: 0.193700 ms CreateObjectMapping: 0.043000 ms MarkObjects: 1.497700 ms  DeleteObjects: 0.102500 ms)

========================================================================
Received Prepare
Registering precompiled user dll's ...
Registered in 0.000793 seconds.
Begin MonoManager ReloadAssembly
Native extension for WindowsStandalone target not found
Refreshing native plugins compatible for Editor in 0.41 ms, found 1 plugins.
Preloading 0 native plugins for Editor in 0.00 ms.
Invoked RoslynAnalysisRunner static constructor.
RoslynAnalysisRunner will not be running.
RoslynAnalysisRunner has terminated.
Mono: successfully reloaded assembly
- Completed reload, in  0.671 seconds
Platform modules already initialized, skipping
Refreshing native plugins compatible for Editor in 0.41 ms, found 1 plugins.
Preloading 0 native plugins for Editor in 0.00 ms.
Unloading 1802 Unused Serialized files (Serialized files now loaded: 0)
System memory in use before: 85.2 MB.
System memory in use after: 85.2 MB.

Unloading 12 unused Assets to reduce memory usage. Loaded Objects now: 2259.
Total: 2.264800 ms (FindLiveObjects: 0.237800 ms CreateObjectMapping: 0.042500 ms MarkObjects: 1.866800 ms  DeleteObjects: 0.116100 ms)

========================================================================
Received Import Request.
  Time since last request: 36.798821 seconds.
  path: Assets/Prefabs/PassengerCar.prefab
  artifactKey: Guid(009c9b7eb3fefdc4992533292fc6db35) Importer(815301076,1909f56bfc062723c751e8b465ee728b)
Start importing Assets/Prefabs/PassengerCar.prefab using Guid(009c9b7eb3fefdc4992533292fc6db35) Importer(815301076,1909f56bfc062723c751e8b465ee728b)  -> (artifact id: '9b827a27229006d133765230fd6cc456') in 0.085650 seconds
  Import took 0.089459 seconds .

========================================================================
Received Import Request.
  Time since last request: 13.941538 seconds.
  path: Assets/Scripts/GameController.cs
  artifactKey: Guid(cf7675e5edc33864486c7b64fc3977f4) Importer(815301076,1909f56bfc062723c751e8b465ee728b)
Start importing Assets/Scripts/GameController.cs using Guid(cf7675e5edc33864486c7b64fc3977f4) Importer(815301076,1909f56bfc062723c751e8b465ee728b)  -> (artifact id: '91f69b281d2a708393cb32dc0e60a17a') in 0.009125 seconds
  Import took 0.027264 seconds .

========================================================================
Received Import Request.
  Time since last request: 419.812909 seconds.
  path: Assets/Scripts/Stop.cs
  artifactKey: Guid(bbc61e516708d3f4bb4b5541a46bb930) Importer(815301076,1909f56bfc062723c751e8b465ee728b)
Start importing Assets/Scripts/Stop.cs using Guid(bbc61e516708d3f4bb4b5541a46bb930) Importer(815301076,1909f56bfc062723c751e8b465ee728b)  -> (artifact id: 'bc583554d5d9376bbe469726e6410675') in 0.006437 seconds
  Import took 0.009803 seconds .

========================================================================
Received Prepare
Registering precompiled user dll's ...
Registered in 0.000848 seconds.
Begin MonoManager ReloadAssembly
Native extension for WindowsStandalone target not found
Refreshing native plugins compatible for Editor in 0.42 ms, found 1 plugins.
Preloading 0 native plugins for Editor in 0.00 ms.
Invoked RoslynAnalysisRunner static constructor.
RoslynAnalysisRunner will not be running.
RoslynAnalysisRunner has terminated.
Mono: successfully reloaded assembly
- Completed reload, in  0.661 seconds
Platform modules already initialized, skipping
Refreshing native plugins compatible for Editor in 0.41 ms, found 1 plugins.
Preloading 0 native plugins for Editor in 0.00 ms.
Unloading 1802 Unused Serialized files (Serialized files now loaded: 0)
System memory in use before: 88.4 MB.
System memory in use after: 88.4 MB.

Unloading 12 unused Assets to reduce memory usage. Loaded Objects now: 2269.
Total: 1.878100 ms (FindLiveObjects: 0.195500 ms CreateObjectMapping: 0.040300 ms MarkObjects: 1.538300 ms  DeleteObjects: 0.103300 ms)

========================================================================
Received Import Request.
  Time since last request: 37.226648 seconds.
  path: Assets/Scripts/Stop.cs
  artifactKey: Guid(bbc61e516708d3f4bb4b5541a46bb930) Importer(815301076,1909f56bfc062723c751e8b465ee728b)
Start importing Assets/Scripts/Stop.cs using Guid(bbc61e516708d3f4bb4b5541a46bb930) Importer(815301076,1909f56bfc062723c751e8b465ee728b)  -> (artifact id: '946f11f3bc457fc6c4701cf9641c679d') in 0.008284 seconds
  Import took 0.011416 seconds .

========================================================================
Received Prepare
Registering precompiled user dll's ...
Registered in 0.000842 seconds.
Begin MonoManager ReloadAssembly
Native extension for WindowsStandalone target not found
Refreshing native plugins compatible for Editor in 0.42 ms, found 1 plugins.
Preloading 0 native plugins for Editor in 0.00 ms.
Invoked RoslynAnalysisRunner static constructor.
RoslynAnalysisRunner will not be running.
RoslynAnalysisRunner has terminated.
Mono: successfully reloaded assembly
- Completed reload, in  0.668 seconds
Platform modules already initialized, skipping
Refreshing native plugins compatible for Editor in 0.41 ms, found 1 plugins.
Preloading 0 native plugins for Editor in 0.00 ms.
Unloading 1802 Unused Serialized files (Serialized files now loaded: 0)
System memory in use before: 88.5 MB.
System memory in use after: 88.5 MB.

Unloading 12 unused Assets to reduce memory usage. Loaded Objects now: 2272.
Total: 2.711400 ms (FindLiveObjects: 0.240000 ms CreateObjectMapping: 0.041900 ms MarkObjects: 2.277100 ms  DeleteObjects: 0.151400 ms)

========================================================================
Received Import Request.
  Time since last request: 163.821504 seconds.
  path: Assets/Scripts/SpaceSpawner.cs
  artifactKey: Guid(c06e823b7b791c44ab6cbe0203798b2f) Importer(815301076,1909f56bfc062723c751e8b465ee728b)
Start importing Assets/Scripts/SpaceSpawner.cs using Guid(c06e823b7b791c44ab6cbe0203798b2f) Importer(815301076,1909f56bfc062723c751e8b465ee728b)  -> (artifact id: '34968fc89d269b4424925a724aa3d49e') in 0.008890 seconds
  Import took 0.011787 seconds .

========================================================================
Received Import Request.
  Time since last request: 0.746636 seconds.
  path: Assets/Prefabs/Space.prefab
  artifactKey: Guid(f9d315ff6ece15649bca01779c9be377) Importer(815301076,1909f56bfc062723c751e8b465ee728b)
Start importing Assets/Prefabs/Space.prefab using Guid(f9d315ff6ece15649bca01779c9be377) Importer(815301076,1909f56bfc062723c751e8b465ee728b)  -> (artifact id: 'ae65f870bb57c0dbc91daf0a184de02d') in 0.046034 seconds
  Import took 0.049297 seconds .

========================================================================
Received Import Request.
  Time since last request: 10.717273 seconds.
  path: Assets/Prefabs/Space.prefab
  artifactKey: Guid(f9d315ff6ece15649bca01779c9be377) Importer(815301076,1909f56bfc062723c751e8b465ee728b)
Start importing Assets/Prefabs/Space.prefab using Guid(f9d315ff6ece15649bca01779c9be377) Importer(815301076,1909f56bfc062723c751e8b465ee728b)  -> (artifact id: '5e9562491d4e02c81bea30d96d45a21e') in 0.023698 seconds
  Import took 0.027194 seconds .

========================================================================
Received Import Request.
  Time since last request: 6.794012 seconds.
  path: Assets/Prefabs/Space.prefab
  artifactKey: Guid(f9d315ff6ece15649bca01779c9be377) Importer(815301076,1909f56bfc062723c751e8b465ee728b)
Start importing Assets/Prefabs/Space.prefab using Guid(f9d315ff6ece15649bca01779c9be377) Importer(815301076,1909f56bfc062723c751e8b465ee728b)  -> (artifact id: '35dc9997ad122b9da07b751bc3278245') in 0.008448 seconds
  Import took 0.011850 seconds .

========================================================================
Received Import Request.
  Time since last request: 8.267595 seconds.
  path: Assets/Prefabs/Space.prefab
  artifactKey: Guid(f9d315ff6ece15649bca01779c9be377) Importer(815301076,1909f56bfc062723c751e8b465ee728b)
Start importing Assets/Prefabs/Space.prefab using Guid(f9d315ff6ece15649bca01779c9be377) Importer(815301076,1909f56bfc062723c751e8b465ee728b)  -> (artifact id: 'a86444a12ac5b0c9fda2e50d7c9bbe69') in 0.015351 seconds
  Import took 0.018617 seconds .

========================================================================
Received Import Request.
  Time since last request: 4.623075 seconds.
  path: Assets/Prefabs/Space.prefab
  artifactKey: Guid(f9d315ff6ece15649bca01779c9be377) Importer(815301076,1909f56bfc062723c751e8b465ee728b)
Start importing Assets/Prefabs/Space.prefab using Guid(f9d315ff6ece15649bca01779c9be377) Importer(815301076,1909f56bfc062723c751e8b465ee728b)  -> (artifact id: 'cd29a81d3bf462d25091927e272f8f32') in 0.016539 seconds
  Import took 0.020132 seconds .

========================================================================
Received Import Request.
  Time since last request: 4.655970 seconds.
  path: Assets/Prefabs/Space.prefab
  artifactKey: Guid(f9d315ff6ece15649bca01779c9be377) Importer(815301076,1909f56bfc062723c751e8b465ee728b)
Start importing Assets/Prefabs/Space.prefab using Guid(f9d315ff6ece15649bca01779c9be377) Importer(815301076,1909f56bfc062723c751e8b465ee728b)  -> (artifact id: '589d610959dfa3866b0f18aab0e9e5b1') in 0.014292 seconds
  Import took 0.017645 seconds .

========================================================================
Received Import Request.
  Time since last request: 16.296976 seconds.
  path: Assets/Prefabs/Space.prefab
  artifactKey: Guid(f9d315ff6ece15649bca01779c9be377) Importer(815301076,1909f56bfc062723c751e8b465ee728b)
Start importing Assets/Prefabs/Space.prefab using Guid(f9d315ff6ece15649bca01779c9be377) Importer(815301076,1909f56bfc062723c751e8b465ee728b)  -> (artifact id: '3101a039086bbf5ebbe1e49a4db2d11e') in 0.009861 seconds
  Import took 0.012979 seconds .

========================================================================
Received Import Request.
  Time since last request: 0.783077 seconds.
  path: Assets/Prefabs/Space.prefab
  artifactKey: Guid(f9d315ff6ece15649bca01779c9be377) Importer(815301076,1909f56bfc062723c751e8b465ee728b)
Start importing Assets/Prefabs/Space.prefab using Guid(f9d315ff6ece15649bca01779c9be377) Importer(815301076,1909f56bfc062723c751e8b465ee728b)  -> (artifact id: 'abde39ae02b47bf25e6b96677243523f') in 0.013630 seconds
  Import took 0.016676 seconds .

========================================================================
Received Import Request.
  Time since last request: 4.429246 seconds.
  path: Assets/Prefabs/Space.prefab
  artifactKey: Guid(f9d315ff6ece15649bca01779c9be377) Importer(815301076,1909f56bfc062723c751e8b465ee728b)
Start importing Assets/Prefabs/Space.prefab using Guid(f9d315ff6ece15649bca01779c9be377) Importer(815301076,1909f56bfc062723c751e8b465ee728b)  -> (artifact id: 'ed24ce03f931ddf34f815cc6b52e4569') in 0.009279 seconds
  Import took 0.012855 seconds .

========================================================================
Received Import Request.
  Time since last request: 9.677640 seconds.
  path: Assets/Prefabs/Space.prefab
  artifactKey: Guid(f9d315ff6ece15649bca01779c9be377) Importer(815301076,1909f56bfc062723c751e8b465ee728b)
Start importing Assets/Prefabs/Space.prefab using Guid(f9d315ff6ece15649bca01779c9be377) Importer(815301076,1909f56bfc062723c751e8b465ee728b)  -> (artifact id: '4a41f5ce4dbb09ff5cd5a7747af9cc23') in 0.009032 seconds
  Import took 0.012302 seconds .

========================================================================
Received Prepare
Registering precompiled user dll's ...
Registered in 0.000910 seconds.
Begin MonoManager ReloadAssembly
Native extension for WindowsStandalone target not found
Refreshing native plugins compatible for Editor in 0.41 ms, found 1 plugins.
Preloading 0 native plugins for Editor in 0.00 ms.
Invoked RoslynAnalysisRunner static constructor.
RoslynAnalysisRunner will not be running.
RoslynAnalysisRunner has terminated.
Mono: successfully reloaded assembly
- Completed reload, in  0.660 seconds
Platform modules already initialized, skipping
Refreshing native plugins compatible for Editor in 0.43 ms, found 1 plugins.
Preloading 0 native plugins for Editor in 0.00 ms.
Unloading 1802 Unused Serialized files (Serialized files now loaded: 0)
System memory in use before: 88.7 MB.
System memory in use after: 88.7 MB.

Unloading 13 unused Assets to reduce memory usage. Loaded Objects now: 2278.
Total: 2.377300 ms (FindLiveObjects: 0.224900 ms CreateObjectMapping: 0.047200 ms MarkObjects: 1.987200 ms  DeleteObjects: 0.116900 ms)

========================================================================
Received Import Request.
  Time since last request: 21.694693 seconds.
  path: Assets/Prefabs/Space.prefab
  artifactKey: Guid(f9d315ff6ece15649bca01779c9be377) Importer(815301076,1909f56bfc062723c751e8b465ee728b)
Start importing Assets/Prefabs/Space.prefab using Guid(f9d315ff6ece15649bca01779c9be377) Importer(815301076,1909f56bfc062723c751e8b465ee728b)  -> (artifact id: '8348e20aaa99f5da9a91fc5bebab4cbf') in 0.051525 seconds
  Import took 0.054558 seconds .

========================================================================
Received Import Request.
  Time since last request: 2.172714 seconds.
  path: Assets/Prefabs/Space.prefab
  artifactKey: Guid(f9d315ff6ece15649bca01779c9be377) Importer(815301076,1909f56bfc062723c751e8b465ee728b)
Start importing Assets/Prefabs/Space.prefab using Guid(f9d315ff6ece15649bca01779c9be377) Importer(815301076,1909f56bfc062723c751e8b465ee728b)  -> (artifact id: 'afe0cd6f951a7b802116fe5386890d75') in 0.012527 seconds
  Import took 0.015818 seconds .

========================================================================
Received Import Request.
  Time since last request: 3.205196 seconds.
  path: Assets/Prefabs/Space.prefab
  artifactKey: Guid(f9d315ff6ece15649bca01779c9be377) Importer(815301076,1909f56bfc062723c751e8b465ee728b)
Start importing Assets/Prefabs/Space.prefab using Guid(f9d315ff6ece15649bca01779c9be377) Importer(815301076,1909f56bfc062723c751e8b465ee728b)  -> (artifact id: 'bc7d5623d54f6ae225c886600447b6b6') in 0.008256 seconds
  Import took 0.011494 seconds .

========================================================================
Received Import Request.
  Time since last request: 2.233657 seconds.
  path: Assets/Prefabs/Space.prefab
  artifactKey: Guid(f9d315ff6ece15649bca01779c9be377) Importer(815301076,1909f56bfc062723c751e8b465ee728b)
Start importing Assets/Prefabs/Space.prefab using Guid(f9d315ff6ece15649bca01779c9be377) Importer(815301076,1909f56bfc062723c751e8b465ee728b)  -> (artifact id: 'a6878721f99f4d22be9e3dd6c6a38569') in 0.013196 seconds
  Import took 0.016219 seconds .

========================================================================
Received Import Request.
  Time since last request: 0.185002 seconds.
  path: Assets/Prefabs/Space.prefab
  artifactKey: Guid(f9d315ff6ece15649bca01779c9be377) Importer(815301076,1909f56bfc062723c751e8b465ee728b)
Start importing Assets/Prefabs/Space.prefab using Guid(f9d315ff6ece15649bca01779c9be377) Importer(815301076,1909f56bfc062723c751e8b465ee728b)  -> (artifact id: '5956f5472e7ea5358ccbb0629dd37689') in 0.008786 seconds
  Import took 0.012267 seconds .

========================================================================
Received Prepare
Registering precompiled user dll's ...
Registered in 0.000844 seconds.
Begin MonoManager ReloadAssembly
Native extension for WindowsStandalone target not found
Refreshing native plugins compatible for Editor in 0.44 ms, found 1 plugins.
Preloading 0 native plugins for Editor in 0.00 ms.
Invoked RoslynAnalysisRunner static constructor.
RoslynAnalysisRunner will not be running.
RoslynAnalysisRunner has terminated.
Mono: successfully reloaded assembly
- Completed reload, in  0.680 seconds
Platform modules already initialized, skipping
Refreshing native plugins compatible for Editor in 0.41 ms, found 1 plugins.
Preloading 0 native plugins for Editor in 0.00 ms.
Unloading 1802 Unused Serialized files (Serialized files now loaded: 0)
System memory in use before: 88.8 MB.
System memory in use after: 88.8 MB.

Unloading 12 unused Assets to reduce memory usage. Loaded Objects now: 2282.
Total: 2.310600 ms (FindLiveObjects: 0.217300 ms CreateObjectMapping: 0.039700 ms MarkObjects: 1.941500 ms  DeleteObjects: 0.110800 ms)

========================================================================
Received Import Request.
  Time since last request: 77.669809 seconds.
  path: Assets/Prefabs/Space.prefab
  artifactKey: Guid(f9d315ff6ece15649bca01779c9be377) Importer(815301076,1909f56bfc062723c751e8b465ee728b)
Start importing Assets/Prefabs/Space.prefab using Guid(f9d315ff6ece15649bca01779c9be377) Importer(815301076,1909f56bfc062723c751e8b465ee728b)  -> (artifact id: '293cf23f4aaf3538956b4b624b25cf41') in 0.051277 seconds
  Import took 0.054354 seconds .

========================================================================
Received Import Request.
  Time since last request: 1.520501 seconds.
  path: Assets/Prefabs/Space.prefab
  artifactKey: Guid(f9d315ff6ece15649bca01779c9be377) Importer(815301076,1909f56bfc062723c751e8b465ee728b)
Start importing Assets/Prefabs/Space.prefab using Guid(f9d315ff6ece15649bca01779c9be377) Importer(815301076,1909f56bfc062723c751e8b465ee728b)  -> (artifact id: '6e428afb3b1be2c88c1b17f50a541aaf') in 0.009981 seconds
  Import took 0.013438 seconds .

========================================================================
Received Import Request.
  Time since last request: 0.980854 seconds.
  path: Assets/Prefabs/Space.prefab
  artifactKey: Guid(f9d315ff6ece15649bca01779c9be377) Importer(815301076,1909f56bfc062723c751e8b465ee728b)
Start importing Assets/Prefabs/Space.prefab using Guid(f9d315ff6ece15649bca01779c9be377) Importer(815301076,1909f56bfc062723c751e8b465ee728b)  -> (artifact id: 'a67b7b3bbfb3b15f9b9ec5df538a1358') in 0.008331 seconds
  Import took 0.011596 seconds .

========================================================================
Received Import Request.
  Time since last request: 3.618689 seconds.
  path: Assets/Prefabs/Space.prefab
  artifactKey: Guid(f9d315ff6ece15649bca01779c9be377) Importer(815301076,1909f56bfc062723c751e8b465ee728b)
Start importing Assets/Prefabs/Space.prefab using Guid(f9d315ff6ece15649bca01779c9be377) Importer(815301076,1909f56bfc062723c751e8b465ee728b)  -> (artifact id: 'f439725b96e68b54b49fe93bf762dedd') in 0.010282 seconds
  Import took 0.013761 seconds .

========================================================================
Received Import Request.
  Time since last request: 5.841231 seconds.
  path: Assets/Prefabs/Space.prefab
  artifactKey: Guid(f9d315ff6ece15649bca01779c9be377) Importer(815301076,1909f56bfc062723c751e8b465ee728b)
Start importing Assets/Prefabs/Space.prefab using Guid(f9d315ff6ece15649bca01779c9be377) Importer(815301076,1909f56bfc062723c751e8b465ee728b)  -> (artifact id: '2502e1c4f9eed466be290174355e41b0') in 0.012237 seconds
  Import took 0.015485 seconds .

========================================================================
Received Import Request.
  Time since last request: 3.411046 seconds.
  path: Assets/Prefabs/Space.prefab
  artifactKey: Guid(f9d315ff6ece15649bca01779c9be377) Importer(815301076,1909f56bfc062723c751e8b465ee728b)
Start importing Assets/Prefabs/Space.prefab using Guid(f9d315ff6ece15649bca01779c9be377) Importer(815301076,1909f56bfc062723c751e8b465ee728b)  -> (artifact id: 'd507d49635ea6136ac8326dc21d45dd9') in 0.007878 seconds
  Import took 0.011131 seconds .

========================================================================
Received Import Request.
  Time since last request: 6.224787 seconds.
  path: Assets/Prefabs/Space.prefab
  artifactKey: Guid(f9d315ff6ece15649bca01779c9be377) Importer(815301076,1909f56bfc062723c751e8b465ee728b)
Start importing Assets/Prefabs/Space.prefab using Guid(f9d315ff6ece15649bca01779c9be377) Importer(815301076,1909f56bfc062723c751e8b465ee728b)  -> (artifact id: 'b21847118369b6205a0d4459162a5030') in 0.008124 seconds
  Import took 0.011409 seconds .

========================================================================
Received Import Request.
  Time since last request: 2.949416 seconds.
  path: Assets/Prefabs/Space.prefab
  artifactKey: Guid(f9d315ff6ece15649bca01779c9be377) Importer(815301076,1909f56bfc062723c751e8b465ee728b)
Start importing Assets/Prefabs/Space.prefab using Guid(f9d315ff6ece15649bca01779c9be377) Importer(815301076,1909f56bfc062723c751e8b465ee728b)  -> (artifact id: 'cf592079ce1bd7ed16c97dbfa30ec1ff') in 0.008476 seconds
  Import took 0.011667 seconds .

========================================================================
Received Import Request.
  Time since last request: 6.454225 seconds.
  path: Assets/Prefabs/Space.prefab
  artifactKey: Guid(f9d315ff6ece15649bca01779c9be377) Importer(815301076,1909f56bfc062723c751e8b465ee728b)
Start importing Assets/Prefabs/Space.prefab using Guid(f9d315ff6ece15649bca01779c9be377) Importer(815301076,1909f56bfc062723c751e8b465ee728b)  -> (artifact id: 'e99e24ff81b84c805cdbafee299f2b2e') in 0.017901 seconds
  Import took 0.021194 seconds .

========================================================================
Received Import Request.
  Time since last request: 3.806897 seconds.
  path: Assets/Prefabs/Space.prefab
  artifactKey: Guid(f9d315ff6ece15649bca01779c9be377) Importer(815301076,1909f56bfc062723c751e8b465ee728b)
Start importing Assets/Prefabs/Space.prefab using Guid(f9d315ff6ece15649bca01779c9be377) Importer(815301076,1909f56bfc062723c751e8b465ee728b)  -> (artifact id: '55c3b8d2c04be9df920eca63d38c389a') in 0.010296 seconds
  Import took 0.013835 seconds .

========================================================================
Received Import Request.
  Time since last request: 11.267382 seconds.
  path: Assets/Prefabs/Space.prefab
  artifactKey: Guid(f9d315ff6ece15649bca01779c9be377) Importer(815301076,1909f56bfc062723c751e8b465ee728b)
Start importing Assets/Prefabs/Space.prefab using Guid(f9d315ff6ece15649bca01779c9be377) Importer(815301076,1909f56bfc062723c751e8b465ee728b)  -> (artifact id: '461aa19dcf160202e9bc8602aee05d2f') in 0.011167 seconds
  Import took 0.014355 seconds .

========================================================================
Received Import Request.
  Time since last request: 0.781954 seconds.
  path: Assets/Prefabs/Space.prefab
  artifactKey: Guid(f9d315ff6ece15649bca01779c9be377) Importer(815301076,1909f56bfc062723c751e8b465ee728b)
Start importing Assets/Prefabs/Space.prefab using Guid(f9d315ff6ece15649bca01779c9be377) Importer(815301076,1909f56bfc062723c751e8b465ee728b)  -> (artifact id: '46fb088ab2333f2ca1cb5a362c5e3f97') in 0.009496 seconds
  Import took 0.012835 seconds .

========================================================================
Received Import Request.
  Time since last request: 3.211495 seconds.
  path: Assets/Prefabs/Space.prefab
  artifactKey: Guid(f9d315ff6ece15649bca01779c9be377) Importer(815301076,1909f56bfc062723c751e8b465ee728b)
Start importing Assets/Prefabs/Space.prefab using Guid(f9d315ff6ece15649bca01779c9be377) Importer(815301076,1909f56bfc062723c751e8b465ee728b)  -> (artifact id: 'f7b02e5e61689552bba527f55e3076c4') in 0.009037 seconds
  Import took 0.012388 seconds .

========================================================================
Received Import Request.
  Time since last request: 2.626228 seconds.
  path: Assets/Prefabs/Space.prefab
  artifactKey: Guid(f9d315ff6ece15649bca01779c9be377) Importer(815301076,1909f56bfc062723c751e8b465ee728b)
Start importing Assets/Prefabs/Space.prefab using Guid(f9d315ff6ece15649bca01779c9be377) Importer(815301076,1909f56bfc062723c751e8b465ee728b)  -> (artifact id: 'e027e7797577b7e670c1e1dc9b40ba6b') in 0.009182 seconds
  Import took 0.012586 seconds .

========================================================================
Received Import Request.
  Time since last request: 11.281657 seconds.
  path: Assets/Prefabs/Space.prefab
  artifactKey: Guid(f9d315ff6ece15649bca01779c9be377) Importer(815301076,1909f56bfc062723c751e8b465ee728b)
Start importing Assets/Prefabs/Space.prefab using Guid(f9d315ff6ece15649bca01779c9be377) Importer(815301076,1909f56bfc062723c751e8b465ee728b)  -> (artifact id: '78f8061d3c5a84216c12ca6d8ac53d73') in 0.009117 seconds
  Import took 0.012520 seconds .

========================================================================
Received Import Request.
  Time since last request: 4.446671 seconds.
  path: Assets/Prefabs/Space.prefab
  artifactKey: Guid(f9d315ff6ece15649bca01779c9be377) Importer(815301076,1909f56bfc062723c751e8b465ee728b)
Start importing Assets/Prefabs/Space.prefab using Guid(f9d315ff6ece15649bca01779c9be377) Importer(815301076,1909f56bfc062723c751e8b465ee728b)  -> (artifact id: '579135305c9a30f0112e1d5b52536e8d') in 0.010401 seconds
  Import took 0.013597 seconds .

========================================================================
Received Import Request.
  Time since last request: 6.975083 seconds.
  path: Assets/Prefabs/Space.prefab
  artifactKey: Guid(f9d315ff6ece15649bca01779c9be377) Importer(815301076,1909f56bfc062723c751e8b465ee728b)
Start importing Assets/Prefabs/Space.prefab using Guid(f9d315ff6ece15649bca01779c9be377) Importer(815301076,1909f56bfc062723c751e8b465ee728b)  -> (artifact id: '72659a6b18675825a4896896312eab69') in 0.010083 seconds
  Import took 0.013299 seconds .

========================================================================
Received Import Request.
  Time since last request: 3.155752 seconds.
  path: Assets/Prefabs/Space.prefab
  artifactKey: Guid(f9d315ff6ece15649bca01779c9be377) Importer(815301076,1909f56bfc062723c751e8b465ee728b)
Start importing Assets/Prefabs/Space.prefab using Guid(f9d315ff6ece15649bca01779c9be377) Importer(815301076,1909f56bfc062723c751e8b465ee728b)  -> (artifact id: '3bcaaeea8c6adec2be5479fda6340620') in 0.011272 seconds
  Import took 0.014778 seconds .

========================================================================
Received Import Request.
  Time since last request: 1.816199 seconds.
  path: Assets/Prefabs/Space.prefab
  artifactKey: Guid(f9d315ff6ece15649bca01779c9be377) Importer(815301076,1909f56bfc062723c751e8b465ee728b)
Start importing Assets/Prefabs/Space.prefab using Guid(f9d315ff6ece15649bca01779c9be377) Importer(815301076,1909f56bfc062723c751e8b465ee728b)  -> (artifact id: '6e4cf2b30b9aec5cb374fae1c6fb3c07') in 0.011860 seconds
  Import took 0.015184 seconds .

========================================================================
Received Import Request.
  Time since last request: 9.871539 seconds.
  path: Assets/Prefabs/Space.prefab
  artifactKey: Guid(f9d315ff6ece15649bca01779c9be377) Importer(815301076,1909f56bfc062723c751e8b465ee728b)
Start importing Assets/Prefabs/Space.prefab using Guid(f9d315ff6ece15649bca01779c9be377) Importer(815301076,1909f56bfc062723c751e8b465ee728b)  -> (artifact id: '6e75a34ddc464a6bfca323640ed31a2f') in 0.008351 seconds
  Import took 0.011818 seconds .

========================================================================
Received Import Request.
  Time since last request: 1.402902 seconds.
  path: Assets/Prefabs/Space.prefab
  artifactKey: Guid(f9d315ff6ece15649bca01779c9be377) Importer(815301076,1909f56bfc062723c751e8b465ee728b)
Start importing Assets/Prefabs/Space.prefab using Guid(f9d315ff6ece15649bca01779c9be377) Importer(815301076,1909f56bfc062723c751e8b465ee728b)  -> (artifact id: 'd2a8912d981b3f12dca2ca815ce7725d') in 0.008034 seconds
  Import took 0.011366 seconds .

========================================================================
Received Prepare
Registering precompiled user dll's ...
Registered in 0.000897 seconds.
Begin MonoManager ReloadAssembly
Native extension for WindowsStandalone target not found
Refreshing native plugins compatible for Editor in 0.42 ms, found 1 plugins.
Preloading 0 native plugins for Editor in 0.00 ms.
Invoked RoslynAnalysisRunner static constructor.
RoslynAnalysisRunner will not be running.
RoslynAnalysisRunner has terminated.
Mono: successfully reloaded assembly
- Completed reload, in  0.661 seconds
Platform modules already initialized, skipping
Refreshing native plugins compatible for Editor in 0.41 ms, found 1 plugins.
Preloading 0 native plugins for Editor in 0.00 ms.
Unloading 1802 Unused Serialized files (Serialized files now loaded: 0)
System memory in use before: 89.0 MB.
System memory in use after: 89.0 MB.

Unloading 13 unused Assets to reduce memory usage. Loaded Objects now: 2286.
Total: 1.944700 ms (FindLiveObjects: 0.209400 ms CreateObjectMapping: 0.040800 ms MarkObjects: 1.559200 ms  DeleteObjects: 0.134600 ms)

========================================================================
Received Prepare
Registering precompiled user dll's ...
Registered in 0.000850 seconds.
Begin MonoManager ReloadAssembly
Native extension for WindowsStandalone target not found
Refreshing native plugins compatible for Editor in 0.42 ms, found 1 plugins.
Preloading 0 native plugins for Editor in 0.00 ms.
Invoked RoslynAnalysisRunner static constructor.
RoslynAnalysisRunner will not be running.
RoslynAnalysisRunner has terminated.
Mono: successfully reloaded assembly
- Completed reload, in  0.674 seconds
Platform modules already initialized, skipping
Refreshing native plugins compatible for Editor in 0.43 ms, found 1 plugins.
Preloading 0 native plugins for Editor in 0.00 ms.
Unloading 1802 Unused Serialized files (Serialized files now loaded: 0)
System memory in use before: 89.1 MB.
System memory in use after: 89.1 MB.

Unloading 12 unused Assets to reduce memory usage. Loaded Objects now: 2289.
Total: 1.906300 ms (FindLiveObjects: 0.203800 ms CreateObjectMapping: 0.040600 ms MarkObjects: 1.549100 ms  DeleteObjects: 0.112000 ms)

========================================================================
Received Import Request.
  Time since last request: 52.134203 seconds.
  path: Assets/Prefabs/Space.prefab
  artifactKey: Guid(f9d315ff6ece15649bca01779c9be377) Importer(815301076,1909f56bfc062723c751e8b465ee728b)
Start importing Assets/Prefabs/Space.prefab using Guid(f9d315ff6ece15649bca01779c9be377) Importer(815301076,1909f56bfc062723c751e8b465ee728b)  -> (artifact id: 'b63632c389ace9ba8c03feb9e7058400') in 0.055672 seconds
  Import took 0.059223 seconds .

========================================================================
Received Prepare
Registering precompiled user dll's ...
Registered in 0.000906 seconds.
Begin MonoManager ReloadAssembly
Native extension for WindowsStandalone target not found
Refreshing native plugins compatible for Editor in 0.42 ms, found 1 plugins.
Preloading 0 native plugins for Editor in 0.00 ms.
Invoked RoslynAnalysisRunner static constructor.
RoslynAnalysisRunner will not be running.
RoslynAnalysisRunner has terminated.
Mono: successfully reloaded assembly
- Completed reload, in  0.663 seconds
Platform modules already initialized, skipping
Refreshing native plugins compatible for Editor in 0.42 ms, found 1 plugins.
Preloading 0 native plugins for Editor in 0.00 ms.
Unloading 1802 Unused Serialized files (Serialized files now loaded: 0)
System memory in use before: 89.2 MB.
System memory in use after: 89.2 MB.

Unloading 13 unused Assets to reduce memory usage. Loaded Objects now: 2293.
Total: 2.128600 ms (FindLiveObjects: 0.233700 ms CreateObjectMapping: 0.041300 ms MarkObjects: 1.738900 ms  DeleteObjects: 0.113100 ms)

========================================================================
Received Prepare
Registering precompiled user dll's ...
Registered in 0.000873 seconds.
Begin MonoManager ReloadAssembly
Native extension for WindowsStandalone target not found
Refreshing native plugins compatible for Editor in 0.41 ms, found 1 plugins.
Preloading 0 native plugins for Editor in 0.00 ms.
Invoked RoslynAnalysisRunner static constructor.
RoslynAnalysisRunner will not be running.
RoslynAnalysisRunner has terminated.
Mono: successfully reloaded assembly
- Completed reload, in  0.667 seconds
Platform modules already initialized, skipping
Refreshing native plugins compatible for Editor in 0.41 ms, found 1 plugins.
Preloading 0 native plugins for Editor in 0.00 ms.
Unloading 1802 Unused Serialized files (Serialized files now loaded: 0)
System memory in use before: 89.3 MB.
System memory in use after: 89.3 MB.

Unloading 12 unused Assets to reduce memory usage. Loaded Objects now: 2296.
Total: 1.903300 ms (FindLiveObjects: 0.222400 ms CreateObjectMapping: 0.042400 ms MarkObjects: 1.533600 ms  DeleteObjects: 0.104100 ms)

========================================================================
Received Prepare
Registering precompiled user dll's ...
Registered in 0.000869 seconds.
Begin MonoManager ReloadAssembly
Native extension for WindowsStandalone target not found
Refreshing native plugins compatible for Editor in 0.41 ms, found 1 plugins.
Preloading 0 native plugins for Editor in 0.00 ms.
Invoked RoslynAnalysisRunner static constructor.
RoslynAnalysisRunner will not be running.
RoslynAnalysisRunner has terminated.
Mono: successfully reloaded assembly
- Completed reload, in  0.685 seconds
Platform modules already initialized, skipping
Refreshing native plugins compatible for Editor in 0.42 ms, found 1 plugins.
Preloading 0 native plugins for Editor in 0.00 ms.
Unloading 1802 Unused Serialized files (Serialized files now loaded: 0)
System memory in use before: 89.4 MB.
System memory in use after: 89.4 MB.

Unloading 12 unused Assets to reduce memory usage. Loaded Objects now: 2299.
Total: 2.064100 ms (FindLiveObjects: 0.226800 ms CreateObjectMapping: 0.043900 ms MarkObjects: 1.679800 ms  DeleteObjects: 0.112600 ms)

========================================================================
Received Import Request.
  Time since last request: 1041.246901 seconds.
  path: Assets/choochoo.png
  artifactKey: Guid(1050a4b4a41a2f7468acb9e1320e7ca2) Importer(815301076,1909f56bfc062723c751e8b465ee728b)
Start importing Assets/choochoo.png using Guid(1050a4b4a41a2f7468acb9e1320e7ca2) Importer(815301076,1909f56bfc062723c751e8b465ee728b)  -> (artifact id: '6e7038d54251180857195956280fe931') in 0.081361 seconds
  Import took 0.085088 seconds .

========================================================================
Received Import Request.
  Time since last request: 8.530444 seconds.
  path: Assets/Scenes/CassieScene.unity
  artifactKey: Guid(0c3aea6171e2637458cb6a216663244d) Importer(815301076,1909f56bfc062723c751e8b465ee728b)
Start importing Assets/Scenes/CassieScene.unity using Guid(0c3aea6171e2637458cb6a216663244d) Importer(815301076,1909f56bfc062723c751e8b465ee728b)  -> (artifact id: '85984d16ded12e51f5dd8cb069f2aad1') in 0.006701 seconds
  Import took 0.011481 seconds .

========================================================================
Received Prepare
Registering precompiled user dll's ...
Registered in 0.000815 seconds.
Begin MonoManager ReloadAssembly
Native extension for WindowsStandalone target not found
Refreshing native plugins compatible for Editor in 0.45 ms, found 1 plugins.
Preloading 0 native plugins for Editor in 0.00 ms.
Invoked RoslynAnalysisRunner static constructor.
RoslynAnalysisRunner will not be running.
RoslynAnalysisRunner has terminated.
Mono: successfully reloaded assembly
- Completed reload, in  0.675 seconds
Platform modules already initialized, skipping
Refreshing native plugins compatible for Editor in 0.43 ms, found 1 plugins.
Preloading 0 native plugins for Editor in 0.00 ms.
Unloading 1806 Unused Serialized files (Serialized files now loaded: 0)
System memory in use before: 89.7 MB.
System memory in use after: 89.7 MB.

Unloading 12 unused Assets to reduce memory usage. Loaded Objects now: 2309.
Total: 1.889700 ms (FindLiveObjects: 0.196300 ms CreateObjectMapping: 0.039600 ms MarkObjects: 1.546300 ms  DeleteObjects: 0.106500 ms)

========================================================================
Received Import Request.
  Time since last request: 85.037289 seconds.
  path: Assets/FarlandSkies/Skyboxes
  artifactKey: Guid(c130f5e5b12752b41a3ca95f11a49efd) Importer(815301076,1909f56bfc062723c751e8b465ee728b)
Start importing Assets/FarlandSkies/Skyboxes using Guid(c130f5e5b12752b41a3ca95f11a49efd) Importer(815301076,1909f56bfc062723c751e8b465ee728b)  -> (artifact id: 'f7a573b137657eabab0681170d3e1b9c') in 0.009058 seconds
  Import took 0.012174 seconds .

========================================================================
Received Import Request.
  Time since last request: 0.000668 seconds.
  path: Assets/FarlandSkies/Skyboxes
  artifactKey: Guid(c130f5e5b12752b41a3ca95f11a49efd) Importer(815301076,1909f56bfc062723c751e8b465ee728b)
Start importing Assets/FarlandSkies/Skyboxes using Guid(c130f5e5b12752b41a3ca95f11a49efd) Importer(815301076,1909f56bfc062723c751e8b465ee728b)  -> (artifact id: 'f7a573b137657eabab0681170d3e1b9c') in 0.001911 seconds
  Import took 0.004270 seconds .

========================================================================
Received Import Request.
  Time since last request: 0.975498 seconds.
  path: Assets/FarlandSkies/Skyboxes/CloudyCrown_01_Midday
  artifactKey: Guid(52662b578ff18034aa89fddf59405d22) Importer(815301076,1909f56bfc062723c751e8b465ee728b)
Start importing Assets/FarlandSkies/Skyboxes/CloudyCrown_01_Midday using Guid(52662b578ff18034aa89fddf59405d22) Importer(815301076,1909f56bfc062723c751e8b465ee728b)  -> (artifact id: 'aee9ad7445d74fa90e6d9a896d842aba') in 0.006664 seconds
  Import took 0.009573 seconds .

========================================================================
Received Import Request.
  Time since last request: 0.089510 seconds.
  path: Assets/FarlandSkies/Skyboxes/CloudyCrown_01_Midday/CloudyCrown_Midday.mat
  artifactKey: Guid(617d9be015db68348a623b01ea51a8c5) Importer(815301076,1909f56bfc062723c751e8b465ee728b)
Start importing Assets/FarlandSkies/Skyboxes/CloudyCrown_01_Midday/CloudyCrown_Midday.mat using Guid(617d9be015db68348a623b01ea51a8c5) Importer(815301076,1909f56bfc062723c751e8b465ee728b)  -> (artifact id: '69fc2fdb405d5fbee859ca788f296c46') in 0.204617 seconds
  Import took 0.208063 seconds .

========================================================================
Received Import Request.
  Time since last request: 8.105441 seconds.
  path: Assets/FarlandSkies/Skyboxes/CloudyCrown_01_Midday/Textures
  artifactKey: Guid(5dccd6d0d6c40b8419ec14daa812471a) Importer(815301076,1909f56bfc062723c751e8b465ee728b)
Start importing Assets/FarlandSkies/Skyboxes/CloudyCrown_01_Midday/Textures using Guid(5dccd6d0d6c40b8419ec14daa812471a) Importer(815301076,1909f56bfc062723c751e8b465ee728b)  -> (artifact id: '23699ec2534ad60b38caf1a95e21b2dd') in 0.006387 seconds
  Import took 0.009396 seconds .

========================================================================
Received Import Request.
  Time since last request: 2.127749 seconds.
  path: Assets/FarlandSkies/Skyboxes/CloudyCrown_02_Evening
  artifactKey: Guid(16d938f89ad8ac349a0d44a6124db315) Importer(815301076,1909f56bfc062723c751e8b465ee728b)
Start importing Assets/FarlandSkies/Skyboxes/CloudyCrown_02_Evening using Guid(16d938f89ad8ac349a0d44a6124db315) Importer(815301076,1909f56bfc062723c751e8b465ee728b)  -> (artifact id: '6bedd72ba13bcce852ac9f4d0c308919') in 0.006500 seconds
  Import took 0.009392 seconds .

========================================================================
Received Import Request.
  Time since last request: 0.084695 seconds.
  path: Assets/FarlandSkies/Skyboxes/CloudyCrown_02_Evening/CloudyCrown_Evening.mat
  artifactKey: Guid(77715b8b6b248994891d3ccad1ad330b) Importer(815301076,1909f56bfc062723c751e8b465ee728b)
Start importing Assets/FarlandSkies/Skyboxes/CloudyCrown_02_Evening/CloudyCrown_Evening.mat using Guid(77715b8b6b248994891d3ccad1ad330b) Importer(815301076,1909f56bfc062723c751e8b465ee728b)  -> (artifact id: '5445e287c9d884be3dc2d099c7dd4418') in 0.032000 seconds
  Import took 0.037672 seconds .

========================================================================
Received Import Request.
  Time since last request: 8.794830 seconds.
  path: Assets/FarlandSkies/Skyboxes/CloudyCrown_02_Evening/Textures
  artifactKey: Guid(dcd58eaf0ccb0b34989c91dea6c629d0) Importer(815301076,1909f56bfc062723c751e8b465ee728b)
Start importing Assets/FarlandSkies/Skyboxes/CloudyCrown_02_Evening/Textures using Guid(dcd58eaf0ccb0b34989c91dea6c629d0) Importer(815301076,1909f56bfc062723c751e8b465ee728b)  -> (artifact id: '96fba7828a77232566e2c7c329e31ea7') in 0.002583 seconds
  Import took 0.005449 seconds .

========================================================================
Received Import Request.
  Time since last request: 0.107057 seconds.
  path: Assets/FarlandSkies/Skyboxes/CloudyCrown_02_Evening/Textures/CloudyCrown_Evening_Back.png
  artifactKey: Guid(87bee338d047997489ce40bc10f18466) Importer(815301076,1909f56bfc062723c751e8b465ee728b)
Start importing Assets/FarlandSkies/Skyboxes/CloudyCrown_02_Evening/Textures/CloudyCrown_Evening_Back.png using Guid(87bee338d047997489ce40bc10f18466) Importer(815301076,1909f56bfc062723c751e8b465ee728b)  -> (artifact id: '4f8d7eab4d1b8b525969ee01a2c3a314') in 0.015698 seconds
  Import took 0.018787 seconds .

========================================================================
Received Import Request.
  Time since last request: 0.000255 seconds.
  path: Assets/FarlandSkies/Skyboxes/CloudyCrown_02_Evening/Textures/CloudyCrown_Evening_Right.png
  artifactKey: Guid(f33d9e3a86071394c83b568257570dd5) Importer(815301076,1909f56bfc062723c751e8b465ee728b)
Start importing Assets/FarlandSkies/Skyboxes/CloudyCrown_02_Evening/Textures/CloudyCrown_Evening_Right.png using Guid(f33d9e3a86071394c83b568257570dd5) Importer(815301076,1909f56bfc062723c751e8b465ee728b)  -> (artifact id: '342ac6ec570695c70f037e65617f5a3a') in 0.011209 seconds
  Import took 0.013799 seconds .

========================================================================
Received Import Request.
  Time since last request: 0.000255 seconds.
  path: Assets/FarlandSkies/Skyboxes/CloudyCrown_02_Evening/Textures/CloudyCrown_Evening_Front.png
  artifactKey: Guid(1333dafd22b43974091d9c55f2169cde) Importer(815301076,1909f56bfc062723c751e8b465ee728b)
Start importing Assets/FarlandSkies/Skyboxes/CloudyCrown_02_Evening/Textures/CloudyCrown_Evening_Front.png using Guid(1333dafd22b43974091d9c55f2169cde) Importer(815301076,1909f56bfc062723c751e8b465ee728b)  -> (artifact id: '878be88673834c848bf397d8eec32972') in 0.015776 seconds
  Import took 0.018740 seconds .

========================================================================
Received Import Request.
  Time since last request: 0.000221 seconds.
  path: Assets/FarlandSkies/Skyboxes/CloudyCrown_02_Evening/Textures/CloudyCrown_Evening_Down.png
  artifactKey: Guid(1fe26ef1655e3424b8a9a77e4ef0523d) Importer(815301076,1909f56bfc062723c751e8b465ee728b)
Start importing Assets/FarlandSkies/Skyboxes/CloudyCrown_02_Evening/Textures/CloudyCrown_Evening_Down.png using Guid(1fe26ef1655e3424b8a9a77e4ef0523d) Importer(815301076,1909f56bfc062723c751e8b465ee728b)  -> (artifact id: 'f2fcb08c9a3184f206e607affb250a21') in 0.009896 seconds
  Import took 0.012582 seconds .

========================================================================
Received Import Request.
  Time since last request: 0.000241 seconds.
  path: Assets/FarlandSkies/Skyboxes/CloudyCrown_02_Evening/Textures/CloudyCrown_Evening_Left.png
  artifactKey: Guid(90494e0797812be488f2fbe703461966) Importer(815301076,1909f56bfc062723c751e8b465ee728b)
Start importing Assets/FarlandSkies/Skyboxes/CloudyCrown_02_Evening/Textures/CloudyCrown_Evening_Left.png using Guid(90494e0797812be488f2fbe703461966) Importer(815301076,1909f56bfc062723c751e8b465ee728b)  -> (artifact id: 'da67d5258ee8da78f3c8c4ccb8e957c8') in 0.010154 seconds
  Import took 0.012620 seconds .

========================================================================
Received Import Request.
  Time since last request: 0.000242 seconds.
  path: Assets/FarlandSkies/Skyboxes/CloudyCrown_02_Evening/Textures/CloudyCrown_Evening_Up.png
  artifactKey: Guid(3157d3aa6a8bd694e9cc4c05e3303c06) Importer(815301076,1909f56bfc062723c751e8b465ee728b)
Start importing Assets/FarlandSkies/Skyboxes/CloudyCrown_02_Evening/Textures/CloudyCrown_Evening_Up.png using Guid(3157d3aa6a8bd694e9cc4c05e3303c06) Importer(815301076,1909f56bfc062723c751e8b465ee728b)  -> (artifact id: '031b47d758f4456ea6995b178e1ec786') in 0.009855 seconds
  Import took 0.012609 seconds .

========================================================================
Received Import Request.
  Time since last request: 14.320477 seconds.
  path: Assets/FarlandSkies/Skyboxes/CloudyCrown_03_Midnight
  artifactKey: Guid(9d429d9e182f0664f95c11b57a416b9a) Importer(815301076,1909f56bfc062723c751e8b465ee728b)
Start importing Assets/FarlandSkies/Skyboxes/CloudyCrown_03_Midnight using Guid(9d429d9e182f0664f95c11b57a416b9a) Importer(815301076,1909f56bfc062723c751e8b465ee728b)  -> (artifact id: '251b9d9b522aa9115870bd907ef52e5d') in 0.006374 seconds
  Import took 0.009519 seconds .

========================================================================
Received Import Request.
  Time since last request: 0.098539 seconds.
  path: Assets/FarlandSkies/Skyboxes/CloudyCrown_03_Midnight/CloudyCrown_Midnight.mat
  artifactKey: Guid(ceb0a3ed2cb53a94fa21843cc958c52b) Importer(815301076,1909f56bfc062723c751e8b465ee728b)
Start importing Assets/FarlandSkies/Skyboxes/CloudyCrown_03_Midnight/CloudyCrown_Midnight.mat using Guid(ceb0a3ed2cb53a94fa21843cc958c52b) Importer(815301076,1909f56bfc062723c751e8b465ee728b)  -> (artifact id: '13f3c4d4c4d419ae06db309836572e64') in 0.023267 seconds
  Import took 0.027117 seconds .

========================================================================
Received Import Request.
  Time since last request: 3.170850 seconds.
  path: Assets/FarlandSkies/Skyboxes/CloudyCrown_04_Sunset
  artifactKey: Guid(b6e8a17e93f42f547a0e64de28c221cb) Importer(815301076,1909f56bfc062723c751e8b465ee728b)
Start importing Assets/FarlandSkies/Skyboxes/CloudyCrown_04_Sunset using Guid(b6e8a17e93f42f547a0e64de28c221cb) Importer(815301076,1909f56bfc062723c751e8b465ee728b)  -> (artifact id: '55e378bd36bbddc7075523061246c9f2') in 0.008098 seconds
  Import took 0.010903 seconds .

========================================================================
Received Import Request.
  Time since last request: 0.079928 seconds.
  path: Assets/FarlandSkies/Skyboxes/CloudyCrown_04_Sunset/CloudyCrown_Sunset.mat
  artifactKey: Guid(169a1b8f06c17c84e8de491f2bfef986) Importer(815301076,1909f56bfc062723c751e8b465ee728b)
Start importing Assets/FarlandSkies/Skyboxes/CloudyCrown_04_Sunset/CloudyCrown_Sunset.mat using Guid(169a1b8f06c17c84e8de491f2bfef986) Importer(815301076,1909f56bfc062723c751e8b465ee728b)  -> (artifact id: '9e1b0c4eea2bb668813afae67ccf87f9') in 0.020158 seconds
  Import took 0.023354 seconds .

========================================================================
Received Import Request.
  Time since last request: 3.863428 seconds.
  path: Assets/FarlandSkies/Skyboxes/CloudyCrown_05_Daybreak
  artifactKey: Guid(56be7a3817a5954428630009d20498f1) Importer(815301076,1909f56bfc062723c751e8b465ee728b)
Start importing Assets/FarlandSkies/Skyboxes/CloudyCrown_05_Daybreak using Guid(56be7a3817a5954428630009d20498f1) Importer(815301076,1909f56bfc062723c751e8b465ee728b)  -> (artifact id: '7cd4217a73febcdb2c91fe2128bea7b4') in 0.006313 seconds
  Import took 0.009286 seconds .

========================================================================
Received Import Request.
  Time since last request: 0.078002 seconds.
  path: Assets/FarlandSkies/Skyboxes/CloudyCrown_05_Daybreak/CloudyCrown_Daybreak.mat
  artifactKey: Guid(3930fc89a28b29746bde6a2389a513e0) Importer(815301076,1909f56bfc062723c751e8b465ee728b)
Start importing Assets/FarlandSkies/Skyboxes/CloudyCrown_05_Daybreak/CloudyCrown_Daybreak.mat using Guid(3930fc89a28b29746bde6a2389a513e0) Importer(815301076,1909f56bfc062723c751e8b465ee728b)  -> (artifact id: '47dacf65971668d4a03f3f9fbd2c1fd8') in 0.020064 seconds
  Import took 0.023420 seconds .

========================================================================
Received Import Request.
  Time since last request: 9.036842 seconds.
  path: Assets/FarlandSkies/Skyboxes/CloudyCrown_05_Daybreak/Textures
  artifactKey: Guid(465d87f4a60fb3d4fbf4f7fbc7d54404) Importer(815301076,1909f56bfc062723c751e8b465ee728b)
Start importing Assets/FarlandSkies/Skyboxes/CloudyCrown_05_Daybreak/Textures using Guid(465d87f4a60fb3d4fbf4f7fbc7d54404) Importer(815301076,1909f56bfc062723c751e8b465ee728b)  -> (artifact id: '0f3f4e9f109875a50f0dd0901d1f83dd') in 0.003749 seconds
  Import took 0.006617 seconds .

========================================================================
Received Import Request.
  Time since last request: 0.000291 seconds.
  path: Assets/FarlandSkies/Skyboxes/CloudyCrown_05_Daybreak/Textures
  artifactKey: Guid(465d87f4a60fb3d4fbf4f7fbc7d54404) Importer(815301076,1909f56bfc062723c751e8b465ee728b)
Start importing Assets/FarlandSkies/Skyboxes/CloudyCrown_05_Daybreak/Textures using Guid(465d87f4a60fb3d4fbf4f7fbc7d54404) Importer(815301076,1909f56bfc062723c751e8b465ee728b)  -> (artifact id: '0f3f4e9f109875a50f0dd0901d1f83dd') in 0.001587 seconds
  Import took 0.003757 seconds .

========================================================================
Received Import Request.
  Time since last request: 0.072026 seconds.
  path: Assets/FarlandSkies/Skyboxes/CloudyCrown_05_Daybreak/Textures/CloudyCrown_Daybreak_Back.png
  artifactKey: Guid(ab78a862493ed7f42a9d16bc994e6697) Importer(815301076,1909f56bfc062723c751e8b465ee728b)
Start importing Assets/FarlandSkies/Skyboxes/CloudyCrown_05_Daybreak/Textures/CloudyCrown_Daybreak_Back.png using Guid(ab78a862493ed7f42a9d16bc994e6697) Importer(815301076,1909f56bfc062723c751e8b465ee728b)  -> (artifact id: '03135a5f32a090990b2399903e930580') in 0.010684 seconds
  Import took 0.013658 seconds .

========================================================================
Received Import Request.
  Time since last request: 0.000198 seconds.
  path: Assets/FarlandSkies/Skyboxes/CloudyCrown_05_Daybreak/Textures/CloudyCrown_Daybreak_Front.png
  artifactKey: Guid(32dd115bed46a474ab32a88684606180) Importer(815301076,1909f56bfc062723c751e8b465ee728b)
Start importing Assets/FarlandSkies/Skyboxes/CloudyCrown_05_Daybreak/Textures/CloudyCrown_Daybreak_Front.png using Guid(32dd115bed46a474ab32a88684606180) Importer(815301076,1909f56bfc062723c751e8b465ee728b)  -> (artifact id: '2803335c77c58e4afae076fe39686634') in 0.010019 seconds
  Import took 0.012823 seconds .

========================================================================
Received Import Request.
  Time since last request: 0.000224 seconds.
  path: Assets/FarlandSkies/Skyboxes/CloudyCrown_05_Daybreak/Textures/CloudyCrown_Daybreak_Down.png
  artifactKey: Guid(bf4af9078f5bbcc42911f76a84aaa1e9) Importer(815301076,1909f56bfc062723c751e8b465ee728b)
Start importing Assets/FarlandSkies/Skyboxes/CloudyCrown_05_Daybreak/Textures/CloudyCrown_Daybreak_Down.png using Guid(bf4af9078f5bbcc42911f76a84aaa1e9) Importer(815301076,1909f56bfc062723c751e8b465ee728b)  -> (artifact id: '75cf0b7a7b9a605957d1f17f1463e0ea') in 0.011645 seconds
  Import took 0.014087 seconds .

========================================================================
Received Import Request.
  Time since last request: 0.000233 seconds.
  path: Assets/FarlandSkies/Skyboxes/CloudyCrown_05_Daybreak/Textures/CloudyCrown_Daybreak_Up.png
  artifactKey: Guid(2037768ff8c6b6845a0eac7217b4ba18) Importer(815301076,1909f56bfc062723c751e8b465ee728b)
Start importing Assets/FarlandSkies/Skyboxes/CloudyCrown_05_Daybreak/Textures/CloudyCrown_Daybreak_Up.png using Guid(2037768ff8c6b6845a0eac7217b4ba18) Importer(815301076,1909f56bfc062723c751e8b465ee728b)  -> (artifact id: 'b3779bbd245be0d45c5448ce5d935e8e') in 0.009711 seconds
  Import took 0.012228 seconds .

========================================================================
Received Import Request.
  Time since last request: 0.000228 seconds.
  path: Assets/FarlandSkies/Skyboxes/CloudyCrown_05_Daybreak/Textures/CloudyCrown_Daybreak_Left.png
  artifactKey: Guid(4bc70c48f58c2c44bb60f3c8719f38c7) Importer(815301076,1909f56bfc062723c751e8b465ee728b)
Start importing Assets/FarlandSkies/Skyboxes/CloudyCrown_05_Daybreak/Textures/CloudyCrown_Daybreak_Left.png using Guid(4bc70c48f58c2c44bb60f3c8719f38c7) Importer(815301076,1909f56bfc062723c751e8b465ee728b)  -> (artifact id: '67cbd28a2fedc74cc65f9cddcb672b46') in 0.010536 seconds
  Import took 0.013485 seconds .

========================================================================
Received Import Request.
  Time since last request: 0.000260 seconds.
  path: Assets/FarlandSkies/Skyboxes/CloudyCrown_05_Daybreak/Textures/CloudyCrown_Daybreak_Right.png
  artifactKey: Guid(a233316cd5c3fd84bbad0597bd05102f) Importer(815301076,1909f56bfc062723c751e8b465ee728b)
Start importing Assets/FarlandSkies/Skyboxes/CloudyCrown_05_Daybreak/Textures/CloudyCrown_Daybreak_Right.png using Guid(a233316cd5c3fd84bbad0597bd05102f) Importer(815301076,1909f56bfc062723c751e8b465ee728b)  -> (artifact id: '87a6173aab067c6228d4cd6a06c73354') in 0.010653 seconds
  Import took 0.013554 seconds .

========================================================================
Received Import Request.
  Time since last request: 27.895311 seconds.
  path: Assets/FarlandSkies/Demo
  artifactKey: Guid(cc334bd236c9bf24ba99adf4a2ef3a9d) Importer(815301076,1909f56bfc062723c751e8b465ee728b)
Start importing Assets/FarlandSkies/Demo using Guid(cc334bd236c9bf24ba99adf4a2ef3a9d) Importer(815301076,1909f56bfc062723c751e8b465ee728b)  -> (artifact id: 'c8e8f44e67f56f715f9ae3e0adb3797f') in 0.006344 seconds
  Import took 0.009316 seconds .

========================================================================
Received Import Request.
  Time since last request: 13.845170 seconds.
  path: Assets/Scenes/CassieScene.unity
  artifactKey: Guid(0c3aea6171e2637458cb6a216663244d) Importer(815301076,1909f56bfc062723c751e8b465ee728b)
Start importing Assets/Scenes/CassieScene.unity using Guid(0c3aea6171e2637458cb6a216663244d) Importer(815301076,1909f56bfc062723c751e8b465ee728b)  -> (artifact id: 'b0a5cccd3f40a404305239e89657191a') in 0.002942 seconds
  Import took 0.006025 seconds .

========================================================================
Received Import Request.
  Time since last request: 0.799253 seconds.
  path: Assets/Scenes/MainMenu.unity
  artifactKey: Guid(300d5cade9e11f84cac39117c5705437) Importer(815301076,1909f56bfc062723c751e8b465ee728b)
Start importing Assets/Scenes/MainMenu.unity using Guid(300d5cade9e11f84cac39117c5705437) Importer(815301076,1909f56bfc062723c751e8b465ee728b)  -> (artifact id: 'fecc93f4fa5f58ca8542d8a13098a267') in 0.006454 seconds
  Import took 0.009531 seconds .

========================================================================
Received Import Request.
  Time since last request: 442.910992 seconds.
  path: Assets/Sprites/PlayButton.png
  artifactKey: Guid(d9da93ccfe38e4648aa156ae21dfd5e6) Importer(815301076,1909f56bfc062723c751e8b465ee728b)
Start importing Assets/Sprites/PlayButton.png using Guid(d9da93ccfe38e4648aa156ae21dfd5e6) Importer(815301076,1909f56bfc062723c751e8b465ee728b)  -> (artifact id: '769b6b58c152fe28869bbeca59960b47') in 0.020473 seconds
  Import took 0.024216 seconds .

========================================================================
Received Import Request.
  Time since last request: 0.000258 seconds.
  path: Assets/Sprites/Title.png
  artifactKey: Guid(3ab36083f6b80ef4291f2f11d2de451e) Importer(815301076,1909f56bfc062723c751e8b465ee728b)
Start importing Assets/Sprites/Title.png using Guid(3ab36083f6b80ef4291f2f11d2de451e) Importer(815301076,1909f56bfc062723c751e8b465ee728b)  -> (artifact id: '1e127715dbc1a5a91ccbb43ca3c1d543') in 0.011005 seconds
  Import took 0.013692 seconds .

========================================================================
Received Import Request.
  Time since last request: 0.000240 seconds.
  path: Assets/Sprites/QuitButton.png
  artifactKey: Guid(f50f545dd27883f45879d58856556c80) Importer(815301076,1909f56bfc062723c751e8b465ee728b)
Start importing Assets/Sprites/QuitButton.png using Guid(f50f545dd27883f45879d58856556c80) Importer(815301076,1909f56bfc062723c751e8b465ee728b)  -> (artifact id: '4fb0a2a061a6120af451027aacc9efd7') in 0.011529 seconds
  Import took 0.014522 seconds .

========================================================================
Received Import Request.
  Time since last request: 7.568534 seconds.
  path: Assets/Sprites/PlayButton.png
  artifactKey: Guid(d9da93ccfe38e4648aa156ae21dfd5e6) Importer(815301076,1909f56bfc062723c751e8b465ee728b)
Start importing Assets/Sprites/PlayButton.png using Guid(d9da93ccfe38e4648aa156ae21dfd5e6) Importer(815301076,1909f56bfc062723c751e8b465ee728b)  -> (artifact id: '26b7101feebda655f2d2cee93cd4269a') in 0.011180 seconds
  Import took 0.014249 seconds .

========================================================================
Received Import Request.
  Time since last request: 0.000191 seconds.
  path: Assets/Sprites/Title.png
  artifactKey: Guid(3ab36083f6b80ef4291f2f11d2de451e) Importer(815301076,1909f56bfc062723c751e8b465ee728b)
Start importing Assets/Sprites/Title.png using Guid(3ab36083f6b80ef4291f2f11d2de451e) Importer(815301076,1909f56bfc062723c751e8b465ee728b)  -> (artifact id: 'dddc14bc9d7af378037a96f87773eede') in 0.011771 seconds
  Import took 0.015001 seconds .

========================================================================
Received Import Request.
  Time since last request: 0.000242 seconds.
  path: Assets/Sprites/QuitButton.png
  artifactKey: Guid(f50f545dd27883f45879d58856556c80) Importer(815301076,1909f56bfc062723c751e8b465ee728b)
Start importing Assets/Sprites/QuitButton.png using Guid(f50f545dd27883f45879d58856556c80) Importer(815301076,1909f56bfc062723c751e8b465ee728b)  -> (artifact id: 'b411c31c8b1cd4ed6d2d080e0c9a678d') in 0.017889 seconds
  Import took 0.020884 seconds .

========================================================================
Received Import Request.
  Time since last request: 0.001184 seconds.
  path: Assets/Sprites/QuitButton.png
  artifactKey: Guid(f50f545dd27883f45879d58856556c80) Importer(815301076,1909f56bfc062723c751e8b465ee728b)
Start importing Assets/Sprites/QuitButton.png using Guid(f50f545dd27883f45879d58856556c80) Importer(815301076,1909f56bfc062723c751e8b465ee728b)  -> (artifact id: 'b411c31c8b1cd4ed6d2d080e0c9a678d') in 0.007297 seconds
  Import took 0.010290 seconds .

========================================================================
Received Prepare
Registering precompiled user dll's ...
Registered in 0.000861 seconds.
Begin MonoManager ReloadAssembly
Native extension for WindowsStandalone target not found
Refreshing native plugins compatible for Editor in 0.43 ms, found 1 plugins.
Preloading 0 native plugins for Editor in 0.00 ms.
Invoked RoslynAnalysisRunner static constructor.
RoslynAnalysisRunner will not be running.
RoslynAnalysisRunner has terminated.
Mono: successfully reloaded assembly
- Completed reload, in  0.672 seconds
Platform modules already initialized, skipping
Refreshing native plugins compatible for Editor in 0.45 ms, found 1 plugins.
Preloading 0 native plugins for Editor in 0.00 ms.
Unloading 1806 Unused Serialized files (Serialized files now loaded: 0)
System memory in use before: 90.3 MB.
System memory in use after: 90.3 MB.

Unloading 12 unused Assets to reduce memory usage. Loaded Objects now: 2351.
Total: 1.890100 ms (FindLiveObjects: 0.214400 ms CreateObjectMapping: 0.042400 ms MarkObjects: 1.526700 ms  DeleteObjects: 0.105800 ms)

========================================================================
Received Import Request.
  Time since last request: 84.538263 seconds.
  path: Assets/Sprites/choochoo.png
  artifactKey: Guid(1050a4b4a41a2f7468acb9e1320e7ca2) Importer(815301076,1909f56bfc062723c751e8b465ee728b)
Start importing Assets/Sprites/choochoo.png using Guid(1050a4b4a41a2f7468acb9e1320e7ca2) Importer(815301076,1909f56bfc062723c751e8b465ee728b)  -> (artifact id: '32366f102ddad6a81beec32010e13737') in 0.049790 seconds
  Import took 0.052939 seconds .

